C:\Program Files\Microsoft Visual Studio\2022\Community\MSBuild\Microsoft\VC\v170\Microsoft.CppBuild.targets(514,5): warning MSB8028: El directorio intermedio (Debug\) contiene archivos compartidos de otro proyecto (Practica8.vcxproj). Esto puede dar lugar a un comportamiento incorrecto de limpieza y recompilación.
  ProyectoFinal.cpp
C:\Users\Azucena\Desktop\Repositorio\316347075_PROYECTO_GPO12\ProyectoFinal\ProyectoFinal\ProyectoFinal.cpp(203,30): warning C4244: 'inicializando': conversión de 'double' a 'GLfloat'; posible pérdida de datos
C:\Users\Azucena\Desktop\Repositorio\316347075_PROYECTO_GPO12\ProyectoFinal\ProyectoFinal\ProyectoFinal.cpp(341,23): warning C4244: 'inicializando': conversión de 'double' a 'float'; posible pérdida de datos
C:\Users\Azucena\Desktop\Repositorio\316347075_PROYECTO_GPO12\ProyectoFinal\ProyectoFinal\ProyectoFinal.cpp(362,23): warning C4244: 'inicializando': conversión de 'double' a 'float'; posible pérdida de datos
C:\Users\Azucena\Desktop\Repositorio\316347075_PROYECTO_GPO12\ProyectoFinal\ProyectoFinal\ProyectoFinal.cpp(384,22): warning C4244: 'inicializando': conversión de 'double' a 'float'; posible pérdida de datos
C:\Users\Azucena\Desktop\Repositorio\316347075_PROYECTO_GPO12\ProyectoFinal\ProyectoFinal\ProyectoFinal.cpp(390,69): warning C4305: 'argumento': truncamiento de 'double' a 'GLfloat'
C:\Users\Azucena\Desktop\Repositorio\316347075_PROYECTO_GPO12\ProyectoFinal\ProyectoFinal\ProyectoFinal.cpp(436,100): warning C4305: 'argumento': truncamiento de 'double' a 'GLfloat'
C:\Users\Azucena\Desktop\Repositorio\316347075_PROYECTO_GPO12\ProyectoFinal\ProyectoFinal\ProyectoFinal.cpp(190,38): warning C4101: 'nrChannels': variable local sin referencia
C:\Users\Azucena\Desktop\Repositorio\316347075_PROYECTO_GPO12\ProyectoFinal\ProyectoFinal\ProyectoFinal.cpp(190,9): warning C4101: 'textureWidth': variable local sin referencia
C:\Users\Azucena\Desktop\Repositorio\316347075_PROYECTO_GPO12\ProyectoFinal\ProyectoFinal\ProyectoFinal.cpp(192,20): warning C4101: 'image': variable local sin referencia
C:\Users\Azucena\Desktop\Repositorio\316347075_PROYECTO_GPO12\ProyectoFinal\ProyectoFinal\ProyectoFinal.cpp(190,23): warning C4101: 'textureHeight': variable local sin referencia
C:\Users\Azucena\Desktop\Repositorio\316347075_PROYECTO_GPO12\ProyectoFinal\ProyectoFinal\ProyectoFinal.cpp(553,17): warning C4244: '=': conversión de 'double' a 'GLfloat'; posible pérdida de datos
C:\Users\Azucena\Desktop\Repositorio\316347075_PROYECTO_GPO12\ProyectoFinal\ProyectoFinal\ProyectoFinal.cpp(554,17): warning C4244: '=': conversión de 'double' a 'GLfloat'; posible pérdida de datos
C:\Users\Azucena\Desktop\Repositorio\316347075_PROYECTO_GPO12\ProyectoFinal\ProyectoFinal\ProyectoFinal.cpp(558,21): warning C4244: 'inicializando': conversión de 'double' a 'GLfloat'; posible pérdida de datos
C:\Users\Azucena\Desktop\Repositorio\316347075_PROYECTO_GPO12\ProyectoFinal\ProyectoFinal\ProyectoFinal.cpp(559,21): warning C4244: 'inicializando': conversión de 'double' a 'GLfloat'; posible pérdida de datos
C:\Users\Azucena\Desktop\Repositorio\316347075_PROYECTO_GPO12\ProyectoFinal\ProyectoFinal\ProyectoFinal.cpp(561,13): warning C4244: '=': conversión de 'double' a 'GLfloat'; posible pérdida de datos
C:\Users\Azucena\Desktop\Repositorio\316347075_PROYECTO_GPO12\ProyectoFinal\ProyectoFinal\ProyectoFinal.cpp(562,13): warning C4244: '=': conversión de 'double' a 'GLfloat'; posible pérdida de datos
LINK : warning LNK4098: la biblioteca predeterminada'MSVCRT' entra en conflicto con otras bibliotecas; use la biblioteca /NODEFAULTLIB:biblioteca
soil2-debug.lib(etc1_utils.obj) : warning LNK4099: no se encontró PDB 'soil2-debug.pdb' con 'soil2-debug.lib(etc1_utils.obj)' o en 'C:\Users\Azucena\Desktop\Repositorio\316347075_PROYECTO_GPO12\ProyectoFinal\Debug\soil2-debug.pdb'; se vinculará el objeto sin tener en cuenta información de depuración
soil2-debug.lib(image_DXT.obj) : warning LNK4099: no se encontró PDB 'soil2-debug.pdb' con 'soil2-debug.lib(image_DXT.obj)' o en 'C:\Users\Azucena\Desktop\Repositorio\316347075_PROYECTO_GPO12\ProyectoFinal\Debug\soil2-debug.pdb'; se vinculará el objeto sin tener en cuenta información de depuración
soil2-debug.lib(image_helper.obj) : warning LNK4099: no se encontró PDB 'soil2-debug.pdb' con 'soil2-debug.lib(image_helper.obj)' o en 'C:\Users\Azucena\Desktop\Repositorio\316347075_PROYECTO_GPO12\ProyectoFinal\Debug\soil2-debug.pdb'; se vinculará el objeto sin tener en cuenta información de depuración
soil2-debug.lib(SOIL2.obj) : warning LNK4099: no se encontró PDB 'soil2-debug.pdb' con 'soil2-debug.lib(SOIL2.obj)' o en 'C:\Users\Azucena\Desktop\Repositorio\316347075_PROYECTO_GPO12\ProyectoFinal\Debug\soil2-debug.pdb'; se vinculará el objeto sin tener en cuenta información de depuración
  ProyectoFinal.vcxproj -> C:\Users\Azucena\Desktop\Repositorio\316347075_PROYECTO_GPO12\ProyectoFinal\Debug\ProyectoFinal.exe
